1610513971453	geckodriver	INFO	Listening on 127.0.0.1:51323
1610513974466	mozrunner::runner	INFO	Running command: "C:\\Program Files (x86)\\Mozilla Firefox\\firefox.exe" "--marionette" "-foreground" "-no-remote" "-profile" "C:\\Users\\CTEA\\AppData\\Local\\Temp\\rust_mozprofilegufj0A"
console.warn: SearchSettings: "get: No settings file exists, new profile?" (new Error("", "(unknown module)"))
1610513978591	Marionette	INFO	Listening on port 51331
1610513978718	Marionette	WARN	TLS certificate errors will be ignored for this session
1610513978744	Marionette	ERROR	[21] No reply from Marionette:Register
console.warn: SearchSettings: "get: No settings file exists, new profile?" (new Error("", "(unknown module)"))
JavaScript error: https://magento.com/ line 1551 > injectedScript, line 4: TypeError: window.optimizely is undefined
JavaScript error: https://magento.com/sites/default/files8/js/optimized/js_6PLu4riE-2dcDQ5QPzuCrl_1JQZAazd43aQw_AQJYoY.NROEkYn4usvpqyPEG8aHOOdMITfAvO-0w6gjNNafhMw.js?qleaka, line 8: TypeError: id is undefined
[Child 10716, MediaDecoderStateMachine #1] WARNING: 1f578700 OpenCubeb() failed to init cubeb: file /builds/worker/checkouts/gecko/dom/media/AudioStream.cpp:334
[Child 10716, MediaDecoderStateMachine #1] WARNING: Decoder=138a38f0 [OnMediaSinkAudioError]: file /builds/worker/checkouts/gecko/dom/media/MediaDecoderStateMachine.cpp:3886
1610513995644	Marionette	WARN	TimedPromise timed out after 500 ms: stacktrace:
TimedPromise/<@chrome://marionette/content/sync.js:235:19
TimedPromise@chrome://marionette/content/sync.js:220:10
interaction.flushEventLoop@chrome://marionette/content/interaction.js:418:10
webdriverClickElement@chrome://marionette/content/interaction.js:179:31
[Child 10716, MediaDecoderStateMachine #1] WARNING: 1f577e80 OpenCubeb() failed to init cubeb: file /builds/worker/checkouts/gecko/dom/media/AudioStream.cpp:334
[Child 10716, MediaDecoderStateMachine #1] WARNING: Decoder=138a38f0 [OnMediaSinkAudioError]: file /builds/worker/checkouts/gecko/dom/media/MediaDecoderStateMachine.cpp:3886
JavaScript error: https://account.magento.com/customer/account/login?_ga=2.140079291.969205678.1610513981-440367450.1610513981, line 407: SyntaxError: redeclaration of const ssoEmailDomains
JavaScript error: https://account.magento.com/static/version20210112162518/frontend/McStore/base/en_US/jquery/jquery.validate.js, line 556: TypeError: $.validator.methods[method] is undefined
JavaScript error: https://account.magento.com/static/version20210112162518/frontend/McStore/base/en_US/jquery/jquery.validate.js, line 556: TypeError: $.validator.methods[method] is undefined
JavaScript error: https://account.magento.com/static/version20210112162518/frontend/McStore/base/en_US/jquery/jquery.validate.js, line 556: TypeError: $.validator.methods[method] is undefined
JavaScript error: https://account.magento.com/static/version20210112162518/frontend/McStore/base/en_US/jquery/jquery.validate.js, line 556: TypeError: $.validator.methods[method] is undefined

###!!! [Child][RunMessage] Error: Channel closing: too late to send/recv, messages will be lost


###!!! [Child][RunMessage] Error: Channel closing: too late to send/recv, messages will be lost

1610514158680	Marionette	INFO	Stopped listening on port 51331

###!!! [Child][RunMessage] Error: Channel closing: too late to send/recv, messages will be lost

