1610532110344	geckodriver	INFO	Listening on 127.0.0.1:57399
1610532113354	mozrunner::runner	INFO	Running command: "C:\\Program Files (x86)\\Mozilla Firefox\\firefox.exe" "--marionette" "-foreground" "-no-remote" "-profile" "C:\\Users\\CTEA\\AppData\\Local\\Temp\\rust_mozprofileqUqMyh"
console.warn: SearchSettings: "get: No settings file exists, new profile?" (new Error("", "(unknown module)"))
1610532117024	Marionette	INFO	Listening on port 57407
console.warn: SearchSettings: "get: No settings file exists, new profile?" (new Error("", "(unknown module)"))
1610532117501	Marionette	WARN	TLS certificate errors will be ignored for this session
1610532117555	Marionette	ERROR	[17] No reply from Marionette:Register
JavaScript error: resource://gre/modules/XULStore.jsm, line 66: Error: Can't find profile directory.
JavaScript error: resource://gre/modules/XULStore.jsm, line 66: Error: Can't find profile directory.
JavaScript error: https://www.gstatic.com/recaptcha/releases/qc5B-qjP0QEimFYUxcpWJy5B/recaptcha__en.js, line 317: Error: reCAPTCHA placeholder element must be an element or id
console.warn: LoginRecipes: "getRecipes: falling back to a synchronous message for:" "https://www.redbus.in"
console.warn: LoginRecipes: "getRecipes: falling back to a synchronous message for:" "https://www.redbus.in"
console.warn: LoginRecipes: "getRecipes: falling back to a synchronous message for:" "https://www.redbus.in"
Handler function threw an exception: TypeError: topFrame.browsingContext is null
Stack: matchRequest@resource://devtools/server/actors/network-monitor/network-observer.js:130:9
_onRequestHeader@resource://devtools/server/actors/network-monitor/network-observer.js:934:10
NetworkObserver.prototype.observeActivity<@resource://devtools/server/actors/network-monitor/network-observer.js:708:12
exports.makeInfallible/<@resource://devtools/shared/ThreadSafeDevToolsUtils.js:103:22
Line: 130, column: 9
console.error: (new TypeError("topFrame.browsingContext is null", "resource://devtools/server/actors/network-monitor/network-observer.js", 130))
Handler function _httpResponseExaminer threw an exception: TypeError: topFrame.browsingContext is null
Stack: matchRequest@resource://devtools/server/actors/network-monitor/network-observer.js:130:9
_httpResponseExaminer@resource://devtools/server/actors/network-monitor/network-observer.js:454:10
exports.makeInfallible/<@resource://devtools/shared/ThreadSafeDevToolsUtils.js:103:22
Line: 130, column: 9
console.error: (new TypeError("topFrame.browsingContext is null", "resource://devtools/server/actors/network-monitor/network-observer.js", 130))
1610533293913	Marionette	INFO	Stopped listening on port 57407

###!!! [Child][RunMessage] Error: Channel closing: too late to send/recv, messages will be lost

