1610685365294	geckodriver	INFO	Listening on 127.0.0.1:53476
1610685368294	mozrunner::runner	INFO	Running command: "C:\\Program Files (x86)\\Mozilla Firefox\\firefox.exe" "--marionette" "-foreground" "-no-remote" "-profile" "C:\\Users\\CTEA\\AppData\\Local\\Temp\\rust_mozprofileTa6vSV"
console.warn: SearchSettings: "get: No settings file exists, new profile?" (new Error("", "(unknown module)"))
1610685378084	Marionette	INFO	Listening on port 53484
1610685378274	Marionette	WARN	TLS certificate errors will be ignored for this session
1610685378547	Marionette	ERROR	[17] No reply from Marionette:Register
console.warn: SearchSettings: "get: No settings file exists, new profile?" (new Error("", "(unknown module)"))
Handler function _httpStopRequest threw an exception: [Exception... "Component returned failure code: 0x80004005 (NS_ERROR_FAILURE) [nsITraceableChannel.setNewListener]"  nsresult: "0x80004005 (NS_ERROR_FAILURE)"  location: "JS frame :: resource://devtools/server/actors/network-monitor/network-observer.js :: _setupResponseListener :: line 1086"  data: no]
Stack: _setupResponseListener@resource://devtools/server/actors/network-monitor/network-observer.js:1086:38
_createNetworkEvent@resource://devtools/server/actors/network-monitor/network-observer.js:912:12
_httpStopRequest@resource://devtools/server/actors/network-monitor/network-observer.js:409:14
exports.makeInfallible/<@resource://devtools/shared/ThreadSafeDevToolsUtils.js:103:22
Line: 1086, column: 0
console.error: ({})
Handler function _httpStopRequest threw an exception: [Exception... "Component returned failure code: 0x80004005 (NS_ERROR_FAILURE) [nsITraceableChannel.setNewListener]"  nsresult: "0x80004005 (NS_ERROR_FAILURE)"  location: "JS frame :: resource://devtools/server/actors/network-monitor/network-observer.js :: _setupResponseListener :: line 1086"  data: no]
Stack: _setupResponseListener@resource://devtools/server/actors/network-monitor/network-observer.js:1086:38
_createNetworkEvent@resource://devtools/server/actors/network-monitor/network-observer.js:912:12
_httpStopRequest@resource://devtools/server/actors/network-monitor/network-observer.js:409:14
exports.makeInfallible/<@resource://devtools/shared/ThreadSafeDevToolsUtils.js:103:22
Line: 1086, column: 0
console.error: ({})
Handler function _httpStopRequest threw an exception: [Exception... "Component returned failure code: 0x80004005 (NS_ERROR_FAILURE) [nsITraceableChannel.setNewListener]"  nsresult: "0x80004005 (NS_ERROR_FAILURE)"  location: "JS frame :: resource://devtools/server/actors/network-monitor/network-observer.js :: _setupResponseListener :: line 1086"  data: no]
Stack: _setupResponseListener@resource://devtools/server/actors/network-monitor/network-observer.js:1086:38
_createNetworkEvent@resource://devtools/server/actors/network-monitor/network-observer.js:912:12
_httpStopRequest@resource://devtools/server/actors/network-monitor/network-observer.js:409:14
exports.makeInfallible/<@resource://devtools/shared/ThreadSafeDevToolsUtils.js:103:22
Line: 1086, column: 0
console.error: ({})
Handler function _httpStopRequest threw an exception: [Exception... "Component returned failure code: 0x80004005 (NS_ERROR_FAILURE) [nsITraceableChannel.setNewListener]"  nsresult: "0x80004005 (NS_ERROR_FAILURE)"  location: "JS frame :: resource://devtools/server/actors/network-monitor/network-observer.js :: _setupResponseListener :: line 1086"  data: no]
Stack: _setupResponseListener@resource://devtools/server/actors/network-monitor/network-observer.js:1086:38
_createNetworkEvent@resource://devtools/server/actors/network-monitor/network-observer.js:912:12
_httpStopRequest@resource://devtools/server/actors/network-monitor/network-observer.js:409:14
exports.makeInfallible/<@resource://devtools/shared/ThreadSafeDevToolsUtils.js:103:22
Line: 1086, column: 0
console.error: ({})
Handler function _httpStopRequest threw an exception: [Exception... "Component returned failure code: 0x80004005 (NS_ERROR_FAILURE) [nsITraceableChannel.setNewListener]"  nsresult: "0x80004005 (NS_ERROR_FAILURE)"  location: "JS frame :: resource://devtools/server/actors/network-monitor/network-observer.js :: _setupResponseListener :: line 1086"  data: no]
Stack: _setupResponseListener@resource://devtools/server/actors/network-monitor/network-observer.js:1086:38
_createNetworkEvent@resource://devtools/server/actors/network-monitor/network-observer.js:912:12
_httpStopRequest@resource://devtools/server/actors/network-monitor/network-observer.js:409:14
exports.makeInfallible/<@resource://devtools/shared/ThreadSafeDevToolsUtils.js:103:22
Line: 1086, column: 0
console.error: ({})
Handler function _httpStopRequest threw an exception: [Exception... "Component returned failure code: 0x80004005 (NS_ERROR_FAILURE) [nsITraceableChannel.setNewListener]"  nsresult: "0x80004005 (NS_ERROR_FAILURE)"  location: "JS frame :: resource://devtools/server/actors/network-monitor/network-observer.js :: _setupResponseListener :: line 1086"  data: no]
Stack: _setupResponseListener@resource://devtools/server/actors/network-monitor/network-observer.js:1086:38
_createNetworkEvent@resource://devtools/server/actors/network-monitor/network-observer.js:912:12
_httpStopRequest@resource://devtools/server/actors/network-monitor/network-observer.js:409:14
exports.makeInfallible/<@resource://devtools/shared/ThreadSafeDevToolsUtils.js:103:22
Line: 1086, column: 0
console.error: ({})
Handler function _httpStopRequest threw an exception: [Exception... "Component returned failure code: 0x80004005 (NS_ERROR_FAILURE) [nsITraceableChannel.setNewListener]"  nsresult: "0x80004005 (NS_ERROR_FAILURE)"  location: "JS frame :: resource://devtools/server/actors/network-monitor/network-observer.js :: _setupResponseListener :: line 1086"  data: no]
Stack: _setupResponseListener@resource://devtools/server/actors/network-monitor/network-observer.js:1086:38
_createNetworkEvent@resource://devtools/server/actors/network-monitor/network-observer.js:912:12
_httpStopRequest@resource://devtools/server/actors/network-monitor/network-observer.js:409:14
exports.makeInfallible/<@resource://devtools/shared/ThreadSafeDevToolsUtils.js:103:22
Line: 1086, column: 0
console.error: ({})
Handler function _httpStopRequest threw an exception: [Exception... "Component returned failure code: 0x80004005 (NS_ERROR_FAILURE) [nsITraceableChannel.setNewListener]"  nsresult: "0x80004005 (NS_ERROR_FAILURE)"  location: "JS frame :: resource://devtools/server/actors/network-monitor/network-observer.js :: _setupResponseListener :: line 1086"  data: no]
Stack: _setupResponseListener@resource://devtools/server/actors/network-monitor/network-observer.js:1086:38
_createNetworkEvent@resource://devtools/server/actors/network-monitor/network-observer.js:912:12
_httpStopRequest@resource://devtools/server/actors/network-monitor/network-observer.js:409:14
exports.makeInfallible/<@resource://devtools/shared/ThreadSafeDevToolsUtils.js:103:22
Line: 1086, column: 0
console.error: ({})
1610685582801	Marionette	INFO	Stopped listening on port 53484

###!!! [Child][RunMessage] Error: Channel closing: too late to send/recv, messages will be lost

