1610688858095	geckodriver	INFO	Listening on 127.0.0.1:58865
1610688861123	mozrunner::runner	INFO	Running command: "C:\\Program Files (x86)\\Mozilla Firefox\\firefox.exe" "--marionette" "-foreground" "-no-remote" "-profile" "C:\\Users\\CTEA\\AppData\\Local\\Temp\\rust_mozprofileHdNiA0"
console.warn: SearchSettings: "get: No settings file exists, new profile?" (new Error("", "(unknown module)"))
1610688865314	Marionette	INFO	Listening on port 58873
1610688865375	Marionette	WARN	TLS certificate errors will be ignored for this session
1610688865438	Marionette	ERROR	[17] No reply from Marionette:Register
console.warn: SearchSettings: "get: No settings file exists, new profile?" (new Error("", "(unknown module)"))
JavaScript error: https://www.static-jcpenney.com/prod4/yoda-site-components/2018.0.18/dll/site_components.client.dll.js, line 1: TypeError: e is undefined
1610688873028	Marionette	WARN	Ignoring event 'DOMContentLoaded' because document has an invalid readyState of 'complete'.
JavaScript error: resource://devtools/shared/protocol/Front.js, line 99: Error: Connection closed, pending request to server0.conn0.child3/domnode144, type setNodeValue failed

Request stack:
request@resource://devtools/shared/protocol/Front.js:288:14
generateRequestMethods/</frontProto[name]@resource://devtools/shared/protocol/Front/FrontClassWithSpec.js:46:19
showTextEditor/done/</<@resource://devtools/client/inspector/markup/views/text-editor.js:101:25
do@resource://devtools/client/shared/undo.js:70:16
endBatch@resource://devtools/client/shared/undo.js:81:11
do@resource://devtools/client/shared/undo.js:93:10
showTextEditor/done/<@resource://devtools/client/inspector/markup/views/text-editor.js:99:31
process@resource://gre/modules/Promise-backend.js:961:38
walkerLoop@resource://gre/modules/Promise-backend.js:845:29
Promise*scheduleWalkerLoop@resource://gre/modules/Promise-backend.js:775:19
schedulePromise@resource://gre/modules/Promise-backend.js:809:12
completePromise@resource://gre/modules/Promise-backend.js:741:12

IPDL protocol error: Handler returned error code!

###!!! [Parent][DispatchAsyncMessage] Error: PLayerTransaction::Msg_ReleaseLayer Processing error: message was deserialized, but the handler returned false (indicating failure)

1610690209400	Marionette	INFO	Stopped listening on port 58873

###!!! [Child][RunMessage] Error: Channel closing: too late to send/recv, messages will be lost

